<?xml version="1.0" encoding="UTF-8"?>
<testng-results skipped="0" failed="0" ignored="0" total="1" passed="1">
  <reporter-output>
  </reporter-output>
  <suite name="Suite" duration-ms="20392" started-at="2019-08-30T12:03:26Z" finished-at="2019-08-30T12:03:47Z">
    <groups>
    </groups>
    <test name="Test" duration-ms="20392" started-at="2019-08-30T12:03:26Z" finished-at="2019-08-30T12:03:47Z">
      <class name="com.Testcases.Newcustomer_003">
        <test-method status="PASS" signature="setup()[pri:0, instance:com.Testcases.Newcustomer_003@548e7350]" name="setup" is-config="true" duration-ms="8481" started-at="2019-08-30T12:03:27Z" finished-at="2019-08-30T12:03:35Z">
          <reporter-output>
          </reporter-output>
        </test-method> <!-- setup -->
        <test-method status="PASS" signature="newcustomer()[pri:0, instance:com.Testcases.Newcustomer_003@548e7350]" name="newcustomer" duration-ms="11630" started-at="2019-08-30T12:03:35Z" finished-at="2019-08-30T12:03:47Z">
          <reporter-output>
          </reporter-output>
        </test-method> <!-- newcustomer -->
        <test-method status="PASS" signature="teardown()[pri:0, instance:com.Testcases.Newcustomer_003@548e7350]" name="teardown" is-config="true" duration-ms="1" started-at="2019-08-30T12:03:47Z" finished-at="2019-08-30T12:03:47Z">
          <reporter-output>
          </reporter-output>
        </test-method> <!-- teardown -->
      </class> <!-- com.Testcases.Newcustomer_003 -->
    </test> <!-- Test -->
  </suite> <!-- Suite -->
</testng-results>
