<?xml version="1.0" encoding="UTF-8"?>
<!-- Generated by org.testng.reporters.JUnitXMLReporter -->
<testsuite hostname="DESKTOP-55VKEAQ" ignored="0" name="Default test" tests="5" failures="0" timestamp="30 Aug 2019 04:58:02 GMT" time="52.968" errors="0">
  <testcase name="loginDDT" time="2.082" classname="com.Testcases.LogintestDDT_002"/>
  <testcase name="loginDDT" time="2.014" classname="com.Testcases.LogintestDDT_002"/>
  <testcase name="loginDDT" time="2.362" classname="com.Testcases.LogintestDDT_002"/>
  <testcase name="loginDDT" time="1.766" classname="com.Testcases.LogintestDDT_002"/>
  <testcase name="loginDDT" time="5.571" classname="com.Testcases.LogintestDDT_002"/>
</testsuite> <!-- Default test -->
